<?xml version="1.0" encoding="UTF-8"?>
<testsuite name="com.nphase.service.ShoppingCartServiceTest" tests="1" skipped="0" failures="0" errors="0" timestamp="2023-01-11T18:14:13" hostname="DESKTOP-BPD0GJL" time="0.021">
  <properties/>
  <testcase name="calculatesPrice()" classname="com.nphase.service.ShoppingCartServiceTest" time="0.021"/>
  <system-out><![CDATA[]]></system-out>
  <system-err><![CDATA[]]></system-err>
</testsuite>
